# JRE version: OpenJDK Runtime Environment Temurin-17.0.5+8 (17.0.5+8) (build 17.0.5+8)
# Java VM: OpenJDK 64-Bit Server VM Temurin-17.0.5+8 (17.0.5+8, mixed mode, tiered, compressed oops, compressed class ptrs, g1 gc, windows-amd64)
GC Precious Log:
 CPUs: 4 total, 4 available
 Memory: 16248M
 Large Page Support: Disabled
 NUMA Support: Disabled
 Compressed Oops: Enabled (Zero based)
 Heap Region Size: 2M
 Heap Min Capacity: 8M
 Heap Initial Capacity: 254M
 Heap Max Capacity: 4064M
 Pre-touch: Disabled
 Parallel Workers: 4
 Concurrent Workers: 1
 Concurrent Refinement Workers: 4
 Periodic GC: Disabled
Heap:
 garbage-first heap   total 61440K, used 40909K [0x0000000702000000, 0x0000000800000000)
  region size 2048K, 10 young (20480K), 2 survivors (4096K)
 Metaspace       used 67010K, committed 67328K, reserved 1114112K
  class space    used 8412K, committed 8576K, reserved 1048576K
GC Heap History (20 events):
Event: 6.087 GC heap before
{Heap before GC invocations=17 (full 0):
 garbage-first heap   total 61440K, used 49393K [0x0000000702000000, 0x0000000800000000)
  region size 2048K, 16 young (32768K), 1 survivors (2048K)
 Metaspace       used 49803K, committed 50112K, reserved 1097728K
  class space    used 6086K, committed 6208K, reserved 1048576K
}
Event: 6.091 GC heap after
{Heap after GC invocations=18 (full 0):
 garbage-first heap   total 61440K, used 19516K [0x0000000702000000, 0x0000000800000000)
  region size 2048K, 2 young (4096K), 2 survivors (4096K)
 Metaspace       used 49803K, committed 50112K, reserved 1097728K
  class space    used 6086K, committed 6208K, reserved 1048576K
}
Event: 6.571 GC heap before
{Heap before GC invocations=18 (full 0):
 garbage-first heap   total 61440K, used 48188K [0x0000000702000000, 0x0000000800000000)
  region size 2048K, 16 young (32768K), 2 survivors (4096K)
 Metaspace       used 52549K, committed 52864K, reserved 1097728K
  class space    used 6427K, committed 6592K, reserved 1048576K
}
Event: 6.574 GC heap after
{Heap after GC invocations=19 (full 0):
 garbage-first heap   total 61440K, used 20960K [0x0000000702000000, 0x0000000800000000)
  region size 2048K, 2 young (4096K), 2 survivors (4096K)
 Metaspace       used 52549K, committed 52864K, reserved 1097728K
  class space    used 6427K, committed 6592K, reserved 1048576K
}
Event: 6.931 GC heap before
{Heap before GC invocations=19 (full 0):
 garbage-first heap   total 61440K, used 49632K [0x0000000702000000, 0x0000000800000000)
  region size 2048K, 16 young (32768K), 2 survivors (4096K)
 Metaspace       used 54963K, committed 55232K, reserved 1097728K
  class space    used 6713K, committed 6848K, reserved 1048576K
}
Event: 6.935 GC heap after
{Heap after GC invocations=20 (full 0):
 garbage-first heap   total 61440K, used 22146K [0x0000000702000000, 0x0000000800000000)
  region size 2048K, 2 young (4096K), 2 survivors (4096K)
 Metaspace       used 54963K, committed 55232K, reserved 1097728K
  class space    used 6713K, committed 6848K, reserved 1048576K
}
Event: 7.213 GC heap before
{Heap before GC invocations=20 (full 0):
 garbage-first heap   total 61440K, used 46722K [0x0000000702000000, 0x0000000800000000)
  region size 2048K, 15 young (30720K), 2 survivors (4096K)
 Metaspace       used 57645K, committed 58048K, reserved 1105920K
  class space    used 7167K, committed 7360K, reserved 1048576K
}
Event: 7.216 GC heap after
{Heap after GC invocations=21 (full 0):
 garbage-first heap   total 61440K, used 22542K [0x0000000702000000, 0x0000000800000000)
  region size 2048K, 1 young (2048K), 1 survivors (2048K)
 Metaspace       used 57645K, committed 58048K, reserved 1105920K
  class space    used 7167K, committed 7360K, reserved 1048576K
}
Event: 7.548 GC heap before
{Heap before GC invocations=21 (full 0):
 garbage-first heap   total 61440K, used 47118K [0x0000000702000000, 0x0000000800000000)
  region size 2048K, 14 young (28672K), 1 survivors (2048K)
 Metaspace       used 59509K, committed 59904K, reserved 1105920K
  class space    used 7406K, committed 7616K, reserved 1048576K
}
Event: 7.549 GC heap after
{Heap after GC invocations=22 (full 0):
 garbage-first heap   total 61440K, used 22987K [0x0000000702000000, 0x0000000800000000)
  region size 2048K, 1 young (2048K), 1 survivors (2048K)
 Metaspace       used 59509K, committed 59904K, reserved 1105920K
  class space    used 7406K, committed 7616K, reserved 1048576K
}
Event: 7.605 GC heap before
{Heap before GC invocations=22 (full 0):
 garbage-first heap   total 61440K, used 27083K [0x0000000702000000, 0x0000000800000000)
  region size 2048K, 4 young (8192K), 1 survivors (2048K)
 Metaspace       used 59870K, committed 60160K, reserved 1105920K
  class space    used 7452K, committed 7616K, reserved 1048576K
}
Event: 7.607 GC heap after
{Heap after GC invocations=23 (full 0):
 garbage-first heap   total 61440K, used 23054K [0x0000000702000000, 0x0000000800000000)
  region size 2048K, 1 young (2048K), 1 survivors (2048K)
 Metaspace       used 59870K, committed 60160K, reserved 1105920K
  class space    used 7452K, committed 7616K, reserved 1048576K
}
Event: 8.125 GC heap before
{Heap before GC invocations=24 (full 0):
 garbage-first heap   total 61440K, used 49678K [0x0000000702000000, 0x0000000800000000)
  region size 2048K, 14 young (28672K), 1 survivors (2048K)
 Metaspace       used 61184K, committed 61568K, reserved 1105920K
  class space    used 7673K, committed 7872K, reserved 1048576K
}
Event: 8.127 GC heap after
{Heap after GC invocations=25 (full 0):
 garbage-first heap   total 61440K, used 24151K [0x0000000702000000, 0x0000000800000000)
  region size 2048K, 2 young (4096K), 2 survivors (4096K)
 Metaspace       used 61184K, committed 61568K, reserved 1105920K
  class space    used 7673K, committed 7872K, reserved 1048576K
}
Event: 8.370 GC heap before
{Heap before GC invocations=25 (full 0):
 garbage-first heap   total 61440K, used 46679K [0x0000000702000000, 0x0000000800000000)
  region size 2048K, 14 young (28672K), 2 survivors (4096K)
 Metaspace       used 63104K, committed 63488K, reserved 1105920K
  class space    used 7932K, committed 8128K, reserved 1048576K
}
Event: 8.373 GC heap after
{Heap after GC invocations=26 (full 0):
 garbage-first heap   total 61440K, used 25079K [0x0000000702000000, 0x0000000800000000)
  region size 2048K, 2 young (4096K), 2 survivors (4096K)
 Metaspace       used 63104K, committed 63488K, reserved 1105920K
  class space    used 7932K, committed 8128K, reserved 1048576K
}
Event: 8.591 GC heap before
{Heap before GC invocations=26 (full 0):
 garbage-first heap   total 61440K, used 47607K [0x0000000702000000, 0x0000000800000000)
  region size 2048K, 14 young (28672K), 2 survivors (4096K)
 Metaspace       used 65047K, committed 65472K, reserved 1105920K
  class space    used 8163K, committed 8384K, reserved 1048576K
}
Event: 8.596 GC heap after
{Heap after GC invocations=27 (full 0):
 garbage-first heap   total 61440K, used 25520K [0x0000000702000000, 0x0000000800000000)
  region size 2048K, 2 young (4096K), 2 survivors (4096K)
 Metaspace       used 65047K, committed 65472K, reserved 1105920K
  class space    used 8163K, committed 8384K, reserved 1048576K
}
Event: 8.874 GC heap before
{Heap before GC invocations=27 (full 0):
 garbage-first heap   total 61440K, used 48048K [0x0000000702000000, 0x0000000800000000)
  region size 2048K, 13 young (26624K), 2 survivors (4096K)
 Metaspace       used 66203K, committed 66560K, reserved 1114112K
  class space    used 8309K, committed 8512K, reserved 1048576K
}
Event: 8.877 GC heap after
{Heap after GC invocations=28 (full 0):
 garbage-first heap   total 61440K, used 26573K [0x0000000702000000, 0x0000000800000000)
  region size 2048K, 2 young (4096K), 2 survivors (4096K)
 Metaspace       used 66203K, committed 66560K, reserved 1114112K
  class space    used 8309K, committed 8512K, reserved 1048576K
}

